<?xml version="1.0" encoding="UTF-8"?>
<!-- Generated by org.testng.reporters.JUnitReportReporter -->
<testsuite hostname="Khosuzs-MBP.lan" failures="0" tests="4" name="com.mco.tests.LoginPageTest" time="16.435" errors="0" timestamp="2020-11-29T00:01:35 EST" skipped="0">
  <testcase classname="com.mco.tests.LoginPageTest" name="loginLogoImageTest" time="3.275"/>
  <system-out/>
  <testcase classname="com.mco.tests.LoginPageTest" name="loginPageTitleTest" time="3.292"/>
  <system-out/>
  <testcase classname="com.mco.tests.LoginPageTest" name="loginTest" time="4.612"/>
  <system-out/>
  <testcase classname="com.mco.tests.LoginPageTest" name="curentUserNameTest" time="5.256"/>
  <system-out/>
</testsuite> <!-- com.mco.tests.LoginPageTest -->
