<?xml version="1.0" encoding="UTF-8"?>
<!-- Generated by org.testng.reporters.JUnitReportReporter -->
<testsuite hostname="Khosuzs-MBP.lan" failures="0" tests="6" name="com.mco.tests.HomePageTest" time="21.867" errors="0" timestamp="2020-11-29T00:01:35 EST" skipped="0">
  <testcase classname="com.mco.tests.HomePageTest" name="loginPageTitleTest" time="3.548"/>
  <system-out/>
  <testcase classname="com.mco.tests.HomePageTest" name="loginSourceButtonNameTest" time="3.715"/>
  <system-out/>
  <testcase classname="com.mco.tests.HomePageTest" name="abotUsLinkTest" time="3.694"/>
  <system-out/>
  <testcase classname="com.mco.tests.HomePageTest" name="contactUsLinkTest" time="3.332"/>
  <system-out/>
  <testcase classname="com.mco.tests.HomePageTest" name="viewCartLinkTest" time="3.559"/>
  <system-out/>
  <testcase classname="com.mco.tests.HomePageTest" name="CurrencyListsTest" time="4.019"/>
  <system-out/>
</testsuite> <!-- com.mco.tests.HomePageTest -->
