<?xml version="1.0" encoding="UTF-8"?>
<!-- Generated by org.testng.reporters.JUnitReportReporter -->
<testsuite skipped="0" hostname="Khosuzs-MBP.lan" name="com.mco.tests.HomePageTest" tests="6" failures="0" timestamp="2020-12-15T17:53:10 EST" time="40.255" errors="0">
  <testcase name="loginPageTitleTest" time="6.552" classname="com.mco.tests.HomePageTest"/>
  <system-out/>
  <testcase name="loginSourceButtonNameTest" time="6.022" classname="com.mco.tests.HomePageTest"/>
  <system-out/>
  <testcase name="abotUsLinkTest" time="6.906" classname="com.mco.tests.HomePageTest"/>
  <system-out/>
  <testcase name="contactUsLinkTest" time="9.407" classname="com.mco.tests.HomePageTest"/>
  <system-out/>
  <testcase name="viewCartLinkTest" time="5.382" classname="com.mco.tests.HomePageTest"/>
  <system-out/>
  <testcase name="CurrencyListsTest" time="5.986" classname="com.mco.tests.HomePageTest"/>
  <system-out/>
</testsuite> <!-- com.mco.tests.HomePageTest -->
