<?xml version="1.0" encoding="UTF-8"?>
<!-- Generated by org.testng.reporters.JUnitReportReporter -->
<testsuite skipped="0" hostname="Khosuzs-MBP.lan" name="com.mco.tests.LoginPageTest" tests="4" failures="0" timestamp="2020-11-27T21:35:35 EST" time="16.080" errors="0">
  <testcase name="loginLogoImageTest" time="4.799" classname="com.mco.tests.LoginPageTest"/>
  <system-out/>
  <testcase name="loginPageTitleTest" time="3.094" classname="com.mco.tests.LoginPageTest"/>
  <system-out/>
  <testcase name="loginTest" time="3.671" classname="com.mco.tests.LoginPageTest"/>
  <system-out/>
  <testcase name="curentUserNameTest" time="4.516" classname="com.mco.tests.LoginPageTest"/>
  <system-out/>
</testsuite> <!-- com.mco.tests.LoginPageTest -->
